Loading [1mamptk/1.6[22m
  [94mLoading requirement[0m: usearch/10 mafft/7.505 fasttree/2.1.11
/bigdata/stajichlab/shared/projects/BioCrusts/MossCrust/moss_mycobiome/results/amptk /bigdata/stajichlab/shared/projects/BioCrusts/MossCrust/moss_mycobiome
[02:06:43 PM]: OS: Rocky Linux 8.8, 64 cores, ~ 528 GB RAM. Python: 3.10.0
[02:06:43 PM]: AMPtk v1.6.0, VSEARCH v2.22.1
[02:06:43 PM]: Loading FASTQ Records
[02:08:25 PM]: 6,972,409 reads (312.1 MB)
[02:08:25 PM]: Quality Filtering, expected errors < 0.9
[02:10:14 PM]: 6,031,045 reads passed
[02:10:14 PM]: De-replication (remove duplicate reads)
[02:10:24 PM]: 481,776 reads passed
[02:10:25 PM]: Clustering OTUs (VSEARCH --cluster_smallmem)
[02:10:32 PM]: De novo Chimera detection (VSEARCH --uchime_denovo)
[02:10:36 PM]: 5,893 OTUs
[02:10:36 PM]: Cleaning up padding from OTUs
[02:10:36 PM]: Chimera Filtering (VSEARCH) using ITS DB
[02:11:45 PM]: 5,611 OTUs passed, 282 ref chimeras
[02:11:45 PM]: Validating OTU orientation
[02:11:49 PM]: 5,593 OTUs validated (18 dropped)
[02:11:49 PM]: Mapping Reads to OTUs and Building OTU table
[02:15:06 PM]: 5,510,009 reads mapped to OTUs (79%)
-------------------------------------------------------
-------------------------------------------------------
OTU Clustering Script has Finished Successfully
-------------------------------------------------------
Clustered OTUs: Mojave2020_KKelly202307.cluster.otus.fa
OTU Table: Mojave2020_KKelly202307.otu_table.txt
-------------------------------------------------------

Example of next cmd: amptk filter -i Mojave2020_KKelly202307.otu_table.txt -f Mojave2020_KKelly202307.cluster.otus.fa -b <mock barcode>

[02:15:07 PM]: OS: Rocky Linux 8.8, 64 cores, ~ 528 GB RAM. Python: 3.10.0
[02:15:07 PM]: AMPtk v1.6.0, VSEARCH v2.22.1
[02:15:07 PM]: Loading OTU table: Mojave2020_KKelly202307.otu_table.txt
[02:15:07 PM]: OTU table contains 90 samples, 5,589 OTUs, and 5,510,009 reads counts
[02:15:07 PM]: Sorting OTU table naturally
/bigdata/operations/pkgadmin/opt/linux/centos/8.x/x86_64/pkgs/amptk/1.6/lib/python3.10/site-packages/amptk/filter.py:300: FutureWarning: In a future version of pandas all arguments of DataFrame.any and Series.any will be keyword-only.
  filt2 = filtered.loc[(filtered != 0).any(1)]
[02:15:08 PM]: Normalizing OTU table to number of reads per sample
[02:15:08 PM]: Overwriting auto detect index-bleed, setting to 0.500000%
[02:15:11 PM]: Filtered OTU table contains 90 samples, 5,588 OTUs, and 5,478,702 read counts
[02:15:11 PM]: Finding valid OTUs
-------------------------------------------------------
-------------------------------------------------------
OTU Table filtering finished
-------------------------------------------------------
OTU Table Stats:      Mojave2020_KKelly202307.stats.txt
Sorted OTU table:     Mojave2020_KKelly202307.sorted.txt
Normalized/filter:    Mojave2020_KKelly202307.normalized.txt
Final Binary table:   Mojave2020_KKelly202307.final.binary.txt
Final OTU table:      Mojave2020_KKelly202307.final.txt
Filtered OTUs:        Mojave2020_KKelly202307.filtered.otus.fa
-------------------------------------------------------

Example of next cmd: amptk taxonomy -f Mojave2020_KKelly202307.filtered.otus.fa -i Mojave2020_KKelly202307.final.txt -m mapping_file.txt -d ITS2

[02:15:12 PM]: OS: Rocky Linux 8.8, 64 cores, ~ 528 GB RAM. Python: 3.10.0
[02:15:12 PM]: AMPtk v1.6.0, VSEARCH v2.22.1
[02:15:12 PM]: Loading FASTA Records
[02:15:12 PM]: 5,588 OTUs
[02:15:12 PM]: Global alignment OTUs with usearch_global (VSEARCH) against ITS.udb
[02:15:40 PM]: Classifying OTUs with SINTAX (VSEARCH)
[02:15:48 PM]: Appending taxonomy to OTU table and OTUs
[02:15:49 PM]: Generating phylogenetic tree (MAFFT/FastTree)
[02:25:05 PM]: Taxonomy finished: Mojave2020_KKelly202307.taxonomy.txt
[02:25:05 PM]: Classic OTU table with taxonomy: Mojave2020_KKelly202307.otu_table.taxonomy.txt
[02:25:18 PM]: BIOM OTU table created: Mojave2020_KKelly202307.biom
[02:25:18 PM]: OTUs with taxonomy: Mojave2020_KKelly202307.otus.taxonomy.fa
[02:25:18 PM]: OTU phylogeny: Mojave2020_KKelly202307.tree.phy
-------------------------------------------------------
-------------------------------------------------------
usage: amptk-funguild.py [-h] -i INPUT [-o OUT] [-d DATABASE] [-u URL]
amptk-funguild.py: error: unrecognized arguments: --db fungi
Can't open perl script "../../scripts/rdp_taxonmy2mat.pl": No such file or directory
/bigdata/stajichlab/shared/projects/BioCrusts/MossCrust/moss_mycobiome
